  mathCoreSimplify.cpp
C:\Program Files (x86)\Microsoft Visual Studio\2017\Community\VC\Tools\MSVC\14.10.25017\include\xutility(946): error C3848: expression having type 'const compareUUID' would lose some const-volatile qualifiers in order to call 'bool compareUUID::operator ()(expression *,expression *)'
  C:\Program Files (x86)\Microsoft Visual Studio\2017\Community\VC\Tools\MSVC\14.10.25017\include\xutility(943): note: see reference to function template instantiation 'bool std::_Debug_lt_pred<const compareUUID&,expression*const &,expression*const &>(_Pr,_Ty1,_Ty2,std::_Dbfile_t,std::_Dbline_t) noexcept(<expr>)' being compiled
          with
          [
              _Pr=const compareUUID &,
              _Ty1=expression *const &,
              _Ty2=expression *const &
          ]
  C:\Program Files (x86)\Microsoft Visual Studio\2017\Community\VC\Tools\MSVC\14.10.25017\include\xtree(2062): note: while compiling class template member function 'bool std::_Tree<std::_Tset_traits<_Kty,_Pr,_Alloc,true>>::_Compare(expression *const &,expression *const &) const'
          with
          [
              _Kty=expression *,
              _Pr=compareUUID,
              _Alloc=std::allocator<expression *>
          ]
  C:\Program Files (x86)\Microsoft Visual Studio\2017\Community\VC\Tools\MSVC\14.10.25017\include\xtree(2153): note: see reference to function template instantiation 'bool std::_Tree<std::_Tset_traits<_Kty,_Pr,_Alloc,true>>::_Compare(expression *const &,expression *const &) const' being compiled
          with
          [
              _Kty=expression *,
              _Pr=compareUUID,
              _Alloc=std::allocator<expression *>
          ]
  C:\Program Files (x86)\Microsoft Visual Studio\2017\Community\VC\Tools\MSVC\14.10.25017\include\set(212): note: see reference to class template instantiation 'std::_Tree<std::_Tset_traits<_Kty,_Pr,_Alloc,true>>' being compiled
          with
          [
              _Kty=expression *,
              _Pr=compareUUID,
              _Alloc=std::allocator<expression *>
          ]
  c:\users\aone\source\repos\satsolver\include\expression.h(57): note: see reference to class template instantiation 'std::multiset<expression *,compareUUID,std::allocator<_Kty>>' being compiled
          with
          [
              _Kty=expression *
          ]
C:\Program Files (x86)\Microsoft Visual Studio\2017\Community\VC\Tools\MSVC\14.10.25017\include\xutility(946): error C2056: illegal expression
