  lex.yy.cc
C:\Program Files (x86)\Microsoft Visual Studio\2017\Community\VC\Tools\MSVC\14.10.25017\include\stdint.h(48): warning C4005: 'INT8_MIN': macro redefinition
  lex.yy.c(59): note: see previous definition of 'INT8_MIN'
C:\Program Files (x86)\Microsoft Visual Studio\2017\Community\VC\Tools\MSVC\14.10.25017\include\stdint.h(49): warning C4005: 'INT16_MIN': macro redefinition
  lex.yy.c(62): note: see previous definition of 'INT16_MIN'
C:\Program Files (x86)\Microsoft Visual Studio\2017\Community\VC\Tools\MSVC\14.10.25017\include\stdint.h(50): warning C4005: 'INT32_MIN': macro redefinition
  lex.yy.c(65): note: see previous definition of 'INT32_MIN'
C:\Program Files (x86)\Microsoft Visual Studio\2017\Community\VC\Tools\MSVC\14.10.25017\include\stdint.h(52): warning C4005: 'INT8_MAX': macro redefinition
  lex.yy.c(68): note: see previous definition of 'INT8_MAX'
C:\Program Files (x86)\Microsoft Visual Studio\2017\Community\VC\Tools\MSVC\14.10.25017\include\stdint.h(53): warning C4005: 'INT16_MAX': macro redefinition
  lex.yy.c(71): note: see previous definition of 'INT16_MAX'
C:\Program Files (x86)\Microsoft Visual Studio\2017\Community\VC\Tools\MSVC\14.10.25017\include\stdint.h(54): warning C4005: 'INT32_MAX': macro redefinition
  lex.yy.c(74): note: see previous definition of 'INT32_MAX'
C:\Program Files (x86)\Microsoft Visual Studio\2017\Community\VC\Tools\MSVC\14.10.25017\include\stdint.h(56): warning C4005: 'UINT8_MAX': macro redefinition
  lex.yy.c(77): note: see previous definition of 'UINT8_MAX'
C:\Program Files (x86)\Microsoft Visual Studio\2017\Community\VC\Tools\MSVC\14.10.25017\include\stdint.h(57): warning C4005: 'UINT16_MAX': macro redefinition
  lex.yy.c(80): note: see previous definition of 'UINT16_MAX'
C:\Program Files (x86)\Microsoft Visual Studio\2017\Community\VC\Tools\MSVC\14.10.25017\include\stdint.h(58): warning C4005: 'UINT32_MAX': macro redefinition
  lex.yy.c(83): note: see previous definition of 'UINT32_MAX'
parse.l(37): warning C4996: 'strdup': The POSIX name for this item is deprecated. Instead, use the ISO C and C++ conformant name: _strdup. See online help for details.
  C:\Program Files (x86)\Windows Kits\10\Include\10.0.10586.0\ucrt\string.h(530): note: see declaration of 'strdup'
  parse.tab.cc
parse.y(27): warning C4996: 'fopen': This function or variable may be unsafe. Consider using fopen_s instead. To disable deprecation, use _CRT_SECURE_NO_WARNINGS. See online help for details.
  C:\Program Files (x86)\Windows Kits\10\Include\10.0.10586.0\ucrt\stdio.h(205): note: see declaration of 'fopen'
  Generating Code...
  Parser.vcxproj -> C:\Users\Aone\Source\Repos\SATSolver\build\Debug\Parser.lib
